INFO 2025-11-15 08:50:57,631 autoreload Watching for file changes with StatReloader
INFO 2025-11-15 08:50:57,972 server HTTP/2 support not enabled (install the http2 and tls Twisted extras)
INFO 2025-11-15 08:50:57,972 server Configuring endpoint tcp:port=8000:interface=0.0.0.0
INFO 2025-11-15 08:50:57,972 server Listening on TCP address 0.0.0.0:8000
INFO 2025-11-15 08:51:03,912 runserver HTTP HEAD / 302 [0.02, 127.0.0.1:56336]
INFO 2025-11-15 08:51:12,568 runserver HTTP HEAD /changeorder/photo-editor/ 302 [0.00, 127.0.0.1:56340]
INFO 2025-11-15 08:51:36,312 runserver HTTP GET /changeorder/3/edit/ 200 [0.07, 127.0.0.1:56348]
INFO 2025-11-15 08:51:36,353 runserver HTTP GET /api/projects/1/approved-colors/ 200 [0.00, 127.0.0.1:56348]
INFO 2025-11-15 08:51:39,326 runserver HTTP GET /changeorder/photo-editor/ 200 [0.01, 127.0.0.1:56348]
INFO 2025-11-15 08:51:50,562 runserver HTTP POST /api/v1/changeorder-photo/1/annotations/ 200 [0.02, 127.0.0.1:56348]
INFO 2025-11-15 08:51:54,921 runserver HTTP POST /changeorder/3/edit/ 302 [0.01, 127.0.0.1:56348]
INFO 2025-11-15 08:51:55,005 runserver HTTP GET /changeorders/board/ 200 [0.08, 127.0.0.1:56348]
WARNING 2025-11-15 08:51:55,016 runserver HTTP GET /static/brand/kibray-logo.png 404 [0.00, 127.0.0.1:56348]
INFO 2025-11-15 08:51:55,076 runserver HTTP GET /static/service-worker.js 304 [0.00, 127.0.0.1:56348]
WARNING 2025-11-15 08:51:55,086 runserver HTTP GET /static/js/bootstrap.bundle.min.js 404 [0.01, 127.0.0.1:56352]
WARNING 2025-11-15 08:51:55,088 runserver HTTP GET /static/css/bootstrap.min.css 404 [0.01, 127.0.0.1:56351]
WARNING 2025-11-15 08:51:55,095 log Not Found: /offline.html
INFO 2025-11-15 08:51:56,358 runserver HTTP GET /changeorder/3/ 200 [0.03, 127.0.0.1:56351]
INFO 2025-11-15 19:18:48,875 autoreload /Users/jesus/Documents/kibray/core/consumers.py changed, reloading.
Performing system checks...

System check identified no issues (0 silenced).
November 15, 2025 - 08:50:57
Django version 4.2.26, using settings 'kibray_backend.settings'
Starting ASGI/Daphne version 4.2.1 development server at http://0.0.0.0:8000/
Quit the server with CONTROL-C.
INFO 2025-11-15 19:18:49,557 autoreload Watching for file changes with StatReloader
INFO 2025-11-15 19:18:49,994 server HTTP/2 support not enabled (install the http2 and tls Twisted extras)
INFO 2025-11-15 19:18:49,994 server Configuring endpoint tcp:port=8000:interface=0.0.0.0
INFO 2025-11-15 19:18:49,995 server Listening on TCP address 0.0.0.0:8000
INFO 2025-11-15 19:18:55,253 autoreload /Users/jesus/Documents/kibray/core/consumers.py changed, reloading.
Performing system checks...

System check identified no issues (0 silenced).
November 15, 2025 - 19:18:49
Django version 4.2.26, using settings 'kibray_backend.settings'
Starting ASGI/Daphne version 4.2.1 development server at http://0.0.0.0:8000/
Quit the server with CONTROL-C.
INFO 2025-11-15 19:18:55,659 autoreload Watching for file changes with StatReloader
INFO 2025-11-15 19:18:55,980 server HTTP/2 support not enabled (install the http2 and tls Twisted extras)
INFO 2025-11-15 19:18:55,980 server Configuring endpoint tcp:port=8000:interface=0.0.0.0
INFO 2025-11-15 19:18:55,981 server Listening on TCP address 0.0.0.0:8000
INFO 2025-11-15 19:18:57,659 runserver HTTP GET /changeorder/3/ 302 [0.03, 127.0.0.1:57441]
INFO 2025-11-15 19:18:57,702 runserver HTTP GET /login/?next=/changeorder/3/ 200 [0.03, 127.0.0.1:57441]
WARNING 2025-11-15 19:18:57,723 runserver HTTP GET /static/brand/kibray-logo.png 404 [0.01, 127.0.0.1:57441]
INFO 2025-11-15 19:18:57,741 runserver HTTP GET /static/kibray-logo.png 304 [0.00, 127.0.0.1:57441]
INFO 2025-11-15 19:19:00,451 runserver HTTP POST /login/?next=/changeorder/3/ 302 [0.15, 127.0.0.1:57441]
INFO 2025-11-15 19:19:00,475 runserver HTTP GET /changeorder/3/ 200 [0.01, 127.0.0.1:57441]
INFO 2025-11-15 19:19:00,494 runserver HTTP GET /media/changeorders/photos/2d.jpg 304 [0.00, 127.0.0.1:57441]
INFO 2025-11-15 19:19:06,478 runserver HTTP GET /changeorder/3/edit/ 200 [0.03, 127.0.0.1:57441]
INFO 2025-11-15 19:19:06,853 runserver HTTP GET /api/projects/1/approved-colors/ 200 [0.01, 127.0.0.1:57441]
INFO 2025-11-15 19:19:10,686 runserver HTTP GET /changeorder/photo-editor/ 200 [0.02, 127.0.0.1:57441]
INFO 2025-11-15 19:19:29,020 runserver HTTP POST /api/v1/changeorder-photo/1/annotations/ 200 [0.02, 127.0.0.1:57441]
INFO 2025-11-15 19:19:36,960 runserver HTTP POST /changeorder/3/edit/ 302 [0.02, 127.0.0.1:57441]
INFO 2025-11-15 19:19:37,013 runserver HTTP GET /changeorders/board/ 200 [0.05, 127.0.0.1:57441]
INFO 2025-11-15 19:19:37,018 runserver HTTP GET /static/manifest.json 304 [0.00, 127.0.0.1:57441]
INFO 2025-11-15 19:19:37,019 runserver HTTP GET /static/styles.css 304 [0.00, 127.0.0.1:57442]
INFO 2025-11-15 19:19:37,019 runserver HTTP GET /static/theme.css 304 [0.00, 127.0.0.1:57443]
WARNING 2025-11-15 19:19:37,025 runserver HTTP GET /static/brand/kibray-logo.png 404 [0.00, 127.0.0.1:57441]
INFO 2025-11-15 19:19:38,189 runserver HTTP GET /changeorder/3/ 200 [0.02, 127.0.0.1:57443]
INFO 2025-11-15 19:19:46,504 runserver HTTP GET /changeorder/3/edit/ 200 [0.05, 127.0.0.1:57442]
INFO 2025-11-15 19:19:46,523 runserver HTTP GET /api/projects/1/approved-colors/ 200 [0.01, 127.0.0.1:57443]
INFO 2025-11-15 19:26:19,317 autoreload /Users/jesus/Documents/kibray/core/consumers.py changed, reloading.
Performing system checks...

System check identified no issues (0 silenced).
November 15, 2025 - 19:18:55
Django version 4.2.26, using settings 'kibray_backend.settings'
Starting ASGI/Daphne version 4.2.1 development server at http://0.0.0.0:8000/
Quit the server with CONTROL-C.
INFO 2025-11-15 19:26:19,855 autoreload Watching for file changes with StatReloader
INFO 2025-11-15 19:26:20,255 server HTTP/2 support not enabled (install the http2 and tls Twisted extras)
INFO 2025-11-15 19:26:20,255 server Configuring endpoint tcp:port=8000:interface=0.0.0.0
INFO 2025-11-15 19:26:20,256 server Listening on TCP address 0.0.0.0:8000
INFO 2025-11-15 19:26:36,646 runserver HTTP GET /changeorder/3/edit/ 200 [0.07, 127.0.0.1:57500]
INFO 2025-11-15 19:26:37,059 runserver HTTP GET /api/projects/1/approved-colors/ 200 [0.00, 127.0.0.1:57500]
INFO 2025-11-15 19:26:39,501 runserver HTTP GET /changeorder/photo-editor/ 200 [0.01, 127.0.0.1:57500]
INFO 2025-11-15 19:26:47,320 runserver HTTP POST /api/v1/changeorder-photo/1/annotations/ 200 [0.02, 127.0.0.1:57500]
INFO 2025-11-15 19:26:51,586 runserver HTTP GET /changeorder/photo-editor/ 200 [0.01, 127.0.0.1:57500]
INFO 2025-11-15 19:27:00,968 runserver HTTP POST /api/v1/changeorder-photo/1/annotations/ 200 [0.02, 127.0.0.1:57500]
INFO 2025-11-15 19:27:05,566 runserver HTTP GET /changeorder/3/edit/ 200 [0.05, 127.0.0.1:57500]
INFO 2025-11-15 19:27:05,595 runserver HTTP GET /api/projects/1/approved-colors/ 200 [0.01, 127.0.0.1:57500]
INFO 2025-11-15 19:32:42,805 autoreload /Users/jesus/Documents/kibray/core/models.py changed, reloading.
Performing system checks...

System check identified no issues (0 silenced).
November 15, 2025 - 19:26:20
Django version 4.2.26, using settings 'kibray_backend.settings'
Starting ASGI/Daphne version 4.2.1 development server at http://0.0.0.0:8000/
Quit the server with CONTROL-C.
INFO 2025-11-15 19:32:43,442 autoreload Watching for file changes with StatReloader
Exception in thread django-main-thread:
Traceback (most recent call last):
  File "/Library/Developer/CommandLineTools/Library/Frameworks/Python3.framework/Versions/3.9/lib/python3.9/threading.py", line 973, in _bootstrap_inner
    self.run()
  File "/Library/Developer/CommandLineTools/Library/Frameworks/Python3.framework/Versions/3.9/lib/python3.9/threading.py", line 910, in run
    self._target(*self._args, **self._kwargs)
  File "/Users/jesus/Library/Python/3.9/lib/python/site-packages/django/utils/autoreload.py", line 64, in wrapper
    fn(*args, **kwargs)
  File "/Users/jesus/Library/Python/3.9/lib/python/site-packages/django/core/management/commands/runserver.py", line 125, in inner_run
    autoreload.raise_last_exception()
  File "/Users/jesus/Library/Python/3.9/lib/python/site-packages/django/utils/autoreload.py", line 86, in raise_last_exception
    raise _exception[1]
  File "/Users/jesus/Library/Python/3.9/lib/python/site-packages/django/core/management/__init__.py", line 394, in execute
    autoreload.check_errors(django.setup)()
  File "/Users/jesus/Library/Python/3.9/lib/python/site-packages/django/utils/autoreload.py", line 64, in wrapper
    fn(*args, **kwargs)
  File "/Users/jesus/Library/Python/3.9/lib/python/site-packages/django/__init__.py", line 24, in setup
    apps.populate(settings.INSTALLED_APPS)
  File "/Users/jesus/Library/Python/3.9/lib/python/site-packages/django/apps/registry.py", line 116, in populate
    app_config.import_models()
  File "/Users/jesus/Library/Python/3.9/lib/python/site-packages/django/apps/config.py", line 269, in import_models
    self.models_module = import_module(models_module_name)
  File "/Library/Developer/CommandLineTools/Library/Frameworks/Python3.framework/Versions/3.9/lib/python3.9/importlib/__init__.py", line 127, in import_module
    return _bootstrap._gcd_import(name[level:], package, level)
  File "<frozen importlib._bootstrap>", line 1030, in _gcd_import
  File "<frozen importlib._bootstrap>", line 1007, in _find_and_load
  File "<frozen importlib._bootstrap>", line 986, in _find_and_load_unlocked
  File "<frozen importlib._bootstrap>", line 680, in _load_unlocked
  File "<frozen importlib._bootstrap_external>", line 846, in exec_module
  File "<frozen importlib._bootstrap_external>", line 983, in get_code
  File "<frozen importlib._bootstrap_external>", line 913, in source_to_code
  File "<frozen importlib._bootstrap>", line 228, in _call_with_frames_removed
  File "/Users/jesus/Documents/kibray/core/models.py", line 535
    self.original_image.save(f'original_{self.id}_{ts}.{self.image.name.split('.')[-1]}', ContentFile(orig_bytes), save=False)
                                                                               ^
SyntaxError: f-string: unmatched '('
INFO 2025-11-15 19:34:04,977 autoreload /Users/jesus/Documents/kibray/core/models.py changed, reloading.
INFO 2025-11-15 19:34:05,585 autoreload Watching for file changes with StatReloader
INFO 2025-11-15 19:34:06,128 server HTTP/2 support not enabled (install the http2 and tls Twisted extras)
INFO 2025-11-15 19:34:06,128 server Configuring endpoint tcp:port=8000:interface=0.0.0.0
INFO 2025-11-15 19:34:06,128 server Listening on TCP address 0.0.0.0:8000
INFO 2025-11-15 19:36:50,129 autoreload /Users/jesus/Documents/kibray/core/api/views.py changed, reloading.
Performing system checks...

System check identified no issues (0 silenced).
November 15, 2025 - 19:34:06
Django version 4.2.26, using settings 'kibray_backend.settings'
Starting ASGI/Daphne version 4.2.1 development server at http://0.0.0.0:8000/
Quit the server with CONTROL-C.
INFO 2025-11-15 19:36:50,859 autoreload Watching for file changes with StatReloader
INFO 2025-11-15 19:36:51,310 server HTTP/2 support not enabled (install the http2 and tls Twisted extras)
INFO 2025-11-15 19:36:51,310 server Configuring endpoint tcp:port=8000:interface=0.0.0.0
INFO 2025-11-15 19:36:51,311 server Listening on TCP address 0.0.0.0:8000
INFO 2025-11-15 19:37:01,781 autoreload /Users/jesus/Documents/kibray/core/api/urls.py changed, reloading.
Performing system checks...

System check identified no issues (0 silenced).
November 15, 2025 - 19:36:51
Django version 4.2.26, using settings 'kibray_backend.settings'
Starting ASGI/Daphne version 4.2.1 development server at http://0.0.0.0:8000/
Quit the server with CONTROL-C.
INFO 2025-11-15 19:37:02,383 autoreload Watching for file changes with StatReloader
INFO 2025-11-15 19:37:02,798 server HTTP/2 support not enabled (install the http2 and tls Twisted extras)
INFO 2025-11-15 19:37:02,798 server Configuring endpoint tcp:port=8000:interface=0.0.0.0
INFO 2025-11-15 19:37:02,798 server Listening on TCP address 0.0.0.0:8000
INFO 2025-11-15 19:39:23,512 autoreload /Users/jesus/Documents/kibray/core/models.py changed, reloading.
Performing system checks...

System check identified no issues (0 silenced).
November 15, 2025 - 19:37:02
Django version 4.2.26, using settings 'kibray_backend.settings'
Starting ASGI/Daphne version 4.2.1 development server at http://0.0.0.0:8000/
Quit the server with CONTROL-C.
INFO 2025-11-15 19:39:24,065 autoreload Watching for file changes with StatReloader
INFO 2025-11-15 19:39:24,473 server HTTP/2 support not enabled (install the http2 and tls Twisted extras)
INFO 2025-11-15 19:39:24,473 server Configuring endpoint tcp:port=8000:interface=0.0.0.0
INFO 2025-11-15 19:39:24,473 server Listening on TCP address 0.0.0.0:8000
INFO 2025-11-15 19:39:27,714 runserver HTTP GET /changeorder/3/edit/ 200 [0.09, 127.0.0.1:57671]
INFO 2025-11-15 19:39:39,137 runserver HTTP GET /changeorder/3/edit/ 200 [0.05, 127.0.0.1:57671]
INFO 2025-11-15 19:51:14,573 autoreload /Users/jesus/Documents/kibray/core/consumers.py changed, reloading.
Performing system checks...

System check identified no issues (0 silenced).
November 15, 2025 - 19:39:24
Django version 4.2.26, using settings 'kibray_backend.settings'
Starting ASGI/Daphne version 4.2.1 development server at http://0.0.0.0:8000/
Quit the server with CONTROL-C.
INFO 2025-11-15 19:51:15,204 autoreload Watching for file changes with StatReloader
INFO 2025-11-15 19:51:15,621 server HTTP/2 support not enabled (install the http2 and tls Twisted extras)
INFO 2025-11-15 19:51:15,621 server Configuring endpoint tcp:port=8000:interface=0.0.0.0
INFO 2025-11-15 19:51:15,622 server Listening on TCP address 0.0.0.0:8000
INFO 2025-11-15 19:51:19,175 runserver HTTP GET /changeorder/3/edit/ 200 [0.09, 127.0.0.1:57822]
INFO 2025-11-15 19:51:20,412 runserver HTTP GET /changeorder/3/edit/ 200 [0.05, 127.0.0.1:57822]
WARNING 2025-11-15 19:51:30,011 log Not Found: /apple-touch-icon.png
WARNING 2025-11-15 19:51:30,011 log Not Found: /apple-touch-icon-precomposed.png
WARNING 2025-11-15 19:51:30,011 log Not Found: /favicon.ico
WARNING 2025-11-15 19:51:30,012 runserver HTTP GET /apple-touch-icon.png 404 [0.04, 127.0.0.1:57825]
WARNING 2025-11-15 19:51:30,012 runserver HTTP GET /apple-touch-icon-precomposed.png 404 [0.04, 127.0.0.1:57824]
WARNING 2025-11-15 19:51:30,013 runserver HTTP GET /favicon.ico 404 [0.04, 127.0.0.1:57826]
INFO 2025-11-15 19:51:44,609 runserver HTTP GET /changeorder/3/edit/ 302 [0.00, 127.0.0.1:57828]
INFO 2025-11-15 19:51:44,624 runserver HTTP GET /login/?next=/changeorder/3/edit/ 200 [0.01, 127.0.0.1:57828]
WARNING 2025-11-15 19:51:44,662 runserver HTTP GET /static/brand/kibray-logo.png 404 [0.01, 127.0.0.1:57828]
INFO 2025-11-15 19:51:44,672 runserver HTTP GET /static/kibray-logo.png 200 [0.01, 127.0.0.1:57828]
INFO 2025-11-15 19:51:47,054 runserver HTTP POST /login/?next=/changeorder/3/edit/ 302 [0.16, 127.0.0.1:57828]
INFO 2025-11-15 19:51:47,082 runserver HTTP GET /changeorder/3/edit/ 200 [0.02, 127.0.0.1:57828]
INFO 2025-11-15 19:51:47,100 runserver HTTP GET /media/changeorders/photos/2d.jpg 200 [0.01, 127.0.0.1:57828]
INFO 2025-11-15 19:51:54,148 runserver HTTP POST /changeorder/3/edit/ 302 [0.01, 127.0.0.1:57828]
INFO 2025-11-15 19:51:54,203 runserver HTTP GET /changeorders/board/ 200 [0.05, 127.0.0.1:57828]
INFO 2025-11-15 19:51:54,211 runserver HTTP GET /static/manifest.json 200 [0.00, 127.0.0.1:57828]
INFO 2025-11-15 19:51:54,212 runserver HTTP GET /static/styles.css 200 [0.00, 127.0.0.1:57830]
INFO 2025-11-15 19:51:54,212 runserver HTTP GET /static/theme.css 200 [0.00, 127.0.0.1:57831]
WARNING 2025-11-15 19:51:54,220 runserver HTTP GET /static/brand/kibray-logo.png 404 [0.00, 127.0.0.1:57828]
INFO 2025-11-15 19:51:55,596 runserver HTTP GET /changeorder/3/ 200 [0.04, 127.0.0.1:57831]
INFO 2025-11-15 19:51:59,231 runserver HTTP GET /changeorder/3/edit/ 200 [0.05, 127.0.0.1:57830]
INFO 2025-11-15 20:06:45,569 runserver HTTP GET /dashboard/admin/ 200 [0.04, 127.0.0.1:58077]
INFO 2025-11-15 20:06:45,573 runserver HTTP GET /static/service-worker.js 304 [0.00, 127.0.0.1:58076]
WARNING 2025-11-15 20:06:45,588 runserver HTTP GET /static/brand/kibray-logo.png 404 [0.00, 127.0.0.1:58076]
INFO 2025-11-15 20:06:51,722 runserver HTTP GET /changeorders/board/ 200 [0.02, 127.0.0.1:58076]
WARNING 2025-11-15 20:06:52,045 runserver HTTP GET /static/brand/kibray-logo.png 404 [0.00, 127.0.0.1:58077]
INFO 2025-11-15 20:06:53,917 runserver HTTP GET /changeorder/3/ 200 [0.04, 127.0.0.1:58077]
INFO 2025-11-15 20:06:59,132 runserver HTTP GET /changeorder/3/edit/ 200 [0.05, 127.0.0.1:58077]
INFO 2025-11-15 20:15:00,980 runserver HTTP GET /changeorder/3/edit/ 200 [0.05, 127.0.0.1:58177]
INFO 2025-11-15 20:15:02,491 runserver HTTP GET /changeorder/3/edit/ 200 [0.05, 127.0.0.1:58177]
INFO 2025-11-15 20:15:03,291 runserver HTTP GET /changeorder/3/edit/ 200 [0.05, 127.0.0.1:58177]
INFO 2025-11-15 20:15:12,768 runserver HTTP GET /changeorders/board/ 200 [0.01, 127.0.0.1:58179]
WARNING 2025-11-15 20:15:12,772 runserver HTTP GET /static/brand/kibray-logo.png 404 [0.00, 127.0.0.1:58177]
INFO 2025-11-15 20:15:15,036 runserver HTTP GET /changeorder/4/edit/ 200 [0.04, 127.0.0.1:58179]
INFO 2025-11-15 20:15:15,378 runserver HTTP GET /media/changeorders/photos/2d_mzGvimi.jpg 304 [0.01, 127.0.0.1:58177]
INFO 2025-11-15 20:15:21,343 runserver HTTP GET /changeorder/4/edit/ 200 [0.03, 127.0.0.1:58179]
INFO 2025-11-15 20:23:28,215 autoreload /Users/jesus/Documents/kibray/core/views.py changed, reloading.
Performing system checks...

System check identified no issues (0 silenced).
November 15, 2025 - 19:51:15
Django version 4.2.26, using settings 'kibray_backend.settings'
Starting ASGI/Daphne version 4.2.1 development server at http://0.0.0.0:8000/
Quit the server with CONTROL-C.
INFO 2025-11-15 20:23:28,922 autoreload Watching for file changes with StatReloader
INFO 2025-11-15 20:23:29,395 server HTTP/2 support not enabled (install the http2 and tls Twisted extras)
INFO 2025-11-15 20:23:29,395 server Configuring endpoint tcp:port=8000:interface=0.0.0.0
INFO 2025-11-15 20:23:29,395 server Listening on TCP address 0.0.0.0:8000
INFO 2025-11-15 20:23:48,157 autoreload /Users/jesus/Documents/kibray/core/views.py changed, reloading.
Performing system checks...

System check identified no issues (0 silenced).
November 15, 2025 - 20:23:29
Django version 4.2.26, using settings 'kibray_backend.settings'
Starting ASGI/Daphne version 4.2.1 development server at http://0.0.0.0:8000/
Quit the server with CONTROL-C.
INFO 2025-11-15 20:23:48,556 autoreload Watching for file changes with StatReloader
INFO 2025-11-15 20:23:48,902 server HTTP/2 support not enabled (install the http2 and tls Twisted extras)
INFO 2025-11-15 20:23:48,902 server Configuring endpoint tcp:port=8000:interface=0.0.0.0
INFO 2025-11-15 20:23:48,902 server Listening on TCP address 0.0.0.0:8000
INFO 2025-11-15 20:24:06,661 autoreload /Users/jesus/Documents/kibray/core/views.py changed, reloading.
Performing system checks...

System check identified no issues (0 silenced).
November 15, 2025 - 20:23:48
Django version 4.2.26, using settings 'kibray_backend.settings'
Starting ASGI/Daphne version 4.2.1 development server at http://0.0.0.0:8000/
Quit the server with CONTROL-C.
INFO 2025-11-15 20:24:07,245 autoreload Watching for file changes with StatReloader
INFO 2025-11-15 20:24:07,686 server HTTP/2 support not enabled (install the http2 and tls Twisted extras)
INFO 2025-11-15 20:24:07,686 server Configuring endpoint tcp:port=8000:interface=0.0.0.0
INFO 2025-11-15 20:24:07,686 server Listening on TCP address 0.0.0.0:8000
INFO 2025-11-15 20:24:20,310 runserver HTTP GET /changeorder/4/edit/ 200 [0.17, 127.0.0.1:58323]
INFO 2025-11-15 20:24:20,374 runserver HTTP GET /static/manifest.json 200 [0.00, 127.0.0.1:58323]
WARNING 2025-11-15 20:24:20,389 runserver HTTP GET /static/brand/kibray-logo.png 404 [0.01, 127.0.0.1:58323]
INFO 2025-11-15 20:24:20,415 runserver HTTP GET /api/projects/1/approved-colors/ 200 [0.01, 127.0.0.1:58323]
INFO 2025-11-15 20:24:20,437 runserver HTTP GET /static/icons/icon-512x512.png 200 [0.00, 127.0.0.1:58323]
INFO 2025-11-15 20:24:38,778 runserver HTTP GET /changeorder/4/edit/ 200 [0.04, 127.0.0.1:58323]
INFO 2025-11-15 20:24:38,793 runserver HTTP GET /static/manifest.json 200 [0.00, 127.0.0.1:58323]
WARNING 2025-11-15 20:24:38,808 runserver HTTP GET /static/brand/kibray-logo.png 404 [0.00, 127.0.0.1:58323]
INFO 2025-11-15 20:24:38,827 runserver HTTP GET /api/projects/1/approved-colors/ 200 [0.01, 127.0.0.1:58323]
INFO 2025-11-15 20:27:09,341 runserver HTTP GET /changeorder/4/edit/ 200 [0.02, 127.0.0.1:58357]
INFO 2025-11-15 20:27:09,359 runserver HTTP GET /static/manifest.json 200 [0.00, 127.0.0.1:58357]
WARNING 2025-11-15 20:27:09,371 runserver HTTP GET /static/brand/kibray-logo.png 404 [0.00, 127.0.0.1:58357]
INFO 2025-11-15 20:27:09,379 runserver HTTP GET /api/projects/1/approved-colors/ 200 [0.01, 127.0.0.1:58358]
INFO 2025-11-15 20:29:21,967 runserver HTTP GET /changeorder/4/edit/ 200 [0.02, 127.0.0.1:58405]
INFO 2025-11-15 20:29:22,298 runserver HTTP GET /static/manifest.json 200 [0.00, 127.0.0.1:58405]
INFO 2025-11-15 20:29:22,336 runserver HTTP GET /api/projects/1/approved-colors/ 200 [0.00, 127.0.0.1:58407]
WARNING 2025-11-15 20:29:22,338 runserver HTTP GET /static/brand/kibray-logo.png 404 [0.01, 127.0.0.1:58406]
INFO 2025-11-15 20:29:58,887 runserver HTTP POST /api/v1/changeorder-photo/3/annotations/ 200 [0.02, 127.0.0.1:58410]
INFO 2025-11-15 20:29:58,953 runserver HTTP POST /api/v1/changeorder-photo/3/annotated-image/ 200 [0.02, 127.0.0.1:58410]
INFO 2025-11-15 20:30:13,131 runserver HTTP POST /changeorder/4/edit/ 302 [0.01, 127.0.0.1:58410]
INFO 2025-11-15 20:30:13,153 runserver HTTP GET /changeorders/board/ 200 [0.02, 127.0.0.1:58410]
WARNING 2025-11-15 20:30:13,473 runserver HTTP GET /static/brand/kibray-logo.png 404 [0.01, 127.0.0.1:58410]
INFO 2025-11-15 20:30:19,236 runserver HTTP GET /changeorder/4/ 200 [0.03, 127.0.0.1:58410]
INFO 2025-11-15 20:30:19,275 runserver HTTP GET /media/changeorders/photos/annotated_3_20251116032958.png 200 [0.02, 127.0.0.1:58410]
INFO 2025-11-15 20:39:58,346 runserver HTTP GET /changeorders/board/ 200 [0.03, 127.0.0.1:58512]
INFO 2025-11-15 20:39:58,359 runserver HTTP GET /static/manifest.json 200 [0.00, 127.0.0.1:58512]
WARNING 2025-11-15 20:39:58,373 runserver HTTP GET /static/brand/kibray-logo.png 404 [0.00, 127.0.0.1:58512]
INFO 2025-11-15 20:40:01,035 runserver HTTP GET /changeorder/3/ 200 [0.04, 127.0.0.1:58512]
INFO 2025-11-15 20:40:04,018 runserver HTTP GET /changeorder/3/edit/ 200 [0.04, 127.0.0.1:58512]
WARNING 2025-11-15 20:40:04,056 runserver HTTP GET /static/brand/kibray-logo.png 404 [0.00, 127.0.0.1:58512]
INFO 2025-11-15 20:40:04,075 runserver HTTP GET /api/projects/1/approved-colors/ 200 [0.01, 127.0.0.1:58512]
INFO 2025-11-15 20:41:23,067 runserver HTTP POST /changeorder/3/edit/ 302 [0.01, 127.0.0.1:58518]
INFO 2025-11-15 20:41:23,083 runserver HTTP GET /changeorders/board/ 200 [0.01, 127.0.0.1:58518]
WARNING 2025-11-15 20:41:23,106 runserver HTTP GET /static/brand/kibray-logo.png 404 [0.01, 127.0.0.1:58518]
INFO 2025-11-15 20:41:27,689 runserver HTTP GET /changeorder/3/ 200 [0.04, 127.0.0.1:58518]
INFO 2025-11-15 20:41:47,133 runserver HTTP GET /changeorders/board/ 200 [0.02, 127.0.0.1:58518]
WARNING 2025-11-15 20:41:47,147 runserver HTTP GET /static/brand/kibray-logo.png 404 [0.01, 127.0.0.1:58518]
INFO 2025-11-15 20:41:47,148 runserver HTTP GET /static/styles.css 200 [0.00, 127.0.0.1:58521]
INFO 2025-11-15 20:41:47,148 runserver HTTP GET /static/theme.css 200 [0.00, 127.0.0.1:58522]
INFO 2025-11-15 20:41:49,578 runserver HTTP GET /changeorder/4/ 200 [0.03, 127.0.0.1:58521]
INFO 2025-11-15 20:41:49,918 runserver HTTP GET /media/changeorders/photos/annotated_3_20251116032958.png 304 [0.01, 127.0.0.1:58522]
INFO 2025-11-15 20:41:56,213 runserver HTTP GET /changeorder/4/edit/ 200 [0.03, 127.0.0.1:58521]
WARNING 2025-11-15 20:41:56,563 runserver HTTP GET /static/brand/kibray-logo.png 404 [0.00, 127.0.0.1:58522]
INFO 2025-11-15 20:41:56,590 runserver HTTP GET /api/projects/1/approved-colors/ 200 [0.01, 127.0.0.1:58518]
INFO 2025-11-15 20:42:22,943 runserver HTTP POST /changeorder/4/edit/ 302 [0.01, 127.0.0.1:58521]
INFO 2025-11-15 20:42:22,959 runserver HTTP GET /changeorders/board/ 200 [0.01, 127.0.0.1:58522]
WARNING 2025-11-15 20:42:22,981 runserver HTTP GET /static/brand/kibray-logo.png 404 [0.00, 127.0.0.1:58518]
INFO 2025-11-15 20:42:25,716 runserver HTTP GET /changeorder/4/ 200 [0.03, 127.0.0.1:58522]
INFO 2025-11-15 20:46:33,818 runserver HTTP GET /changeorder/4/ 200 [0.02, 127.0.0.1:58586]
INFO 2025-11-15 20:46:34,153 runserver HTTP GET /media/changeorders/photos/annotated_3_20251116032958.png 304 [0.01, 127.0.0.1:58586]
ERROR 2025-11-15 20:46:38,583 log Internal Server Error: /changeorder/4/edit/
Traceback (most recent call last):
  File "/Users/jesus/Library/Python/3.9/lib/python/site-packages/django/template/base.py", line 505, in parse
    compile_func = self.tags[command]
KeyError: 'endblock'

During handling of the above exception, another exception occurred:

Traceback (most recent call last):
  File "/Users/jesus/Library/Python/3.9/lib/python/site-packages/asgiref/sync.py", line 552, in thread_handler
    raise exc_info[1]
  File "/Users/jesus/Library/Python/3.9/lib/python/site-packages/django/core/handlers/exception.py", line 42, in inner
    response = await get_response(request)
  File "/Users/jesus/Library/Python/3.9/lib/python/site-packages/django/core/handlers/base.py", line 253, in _get_response_async
    response = await wrapped_callback(
  File "/Users/jesus/Library/Python/3.9/lib/python/site-packages/asgiref/sync.py", line 502, in __call__
    ret = await asyncio.shield(exec_coro)
  File "/Users/jesus/Library/Python/3.9/lib/python/site-packages/asgiref/current_thread_executor.py", line 40, in run
    result = self.fn(*self.args, **self.kwargs)
  File "/Users/jesus/Library/Python/3.9/lib/python/site-packages/asgiref/sync.py", line 556, in thread_handler
    return func(*args, **kwargs)
  File "/Users/jesus/Library/Python/3.9/lib/python/site-packages/django/contrib/auth/decorators.py", line 23, in _wrapper_view
    return view_func(request, *args, **kwargs)
  File "/Users/jesus/Documents/kibray/core/views.py", line 1615, in changeorder_edit_view
    return render(request, template, {
  File "/Users/jesus/Library/Python/3.9/lib/python/site-packages/django/shortcuts.py", line 24, in render
    content = loader.render_to_string(template_name, context, request, using=using)
  File "/Users/jesus/Library/Python/3.9/lib/python/site-packages/django/template/loader.py", line 61, in render_to_string
    template = get_template(template_name, using=using)
  File "/Users/jesus/Library/Python/3.9/lib/python/site-packages/django/template/loader.py", line 15, in get_template
    return engine.get_template(template_name)
  File "/Users/jesus/Library/Python/3.9/lib/python/site-packages/django/template/backends/django.py", line 33, in get_template
    return Template(self.engine.get_template(template_name), self)
  File "/Users/jesus/Library/Python/3.9/lib/python/site-packages/django/template/engine.py", line 175, in get_template
    template, origin = self.find_template(template_name)
  File "/Users/jesus/Library/Python/3.9/lib/python/site-packages/django/template/engine.py", line 157, in find_template
    template = loader.get_template(name, skip=skip)
  File "/Users/jesus/Library/Python/3.9/lib/python/site-packages/django/template/loaders/cached.py", line 57, in get_template
    template = super().get_template(template_name, skip)
  File "/Users/jesus/Library/Python/3.9/lib/python/site-packages/django/template/loaders/base.py", line 28, in get_template
    return Template(
  File "/Users/jesus/Library/Python/3.9/lib/python/site-packages/django/template/base.py", line 154, in __init__
    self.nodelist = self.compile_nodelist()
  File "/Users/jesus/Library/Python/3.9/lib/python/site-packages/django/template/base.py", line 200, in compile_nodelist
    return parser.parse()
  File "/Users/jesus/Library/Python/3.9/lib/python/site-packages/django/template/base.py", line 513, in parse
    raise self.error(token, e)
  File "/Users/jesus/Library/Python/3.9/lib/python/site-packages/django/template/base.py", line 511, in parse
    compiled_result = compile_func(self, token)
  File "/Users/jesus/Library/Python/3.9/lib/python/site-packages/django/template/loader_tags.py", line 293, in do_extends
    nodelist = parser.parse()
  File "/Users/jesus/Library/Python/3.9/lib/python/site-packages/django/template/base.py", line 507, in parse
    self.invalid_block_tag(token, command, parse_until)
  File "/Users/jesus/Library/Python/3.9/lib/python/site-packages/django/template/base.py", line 568, in invalid_block_tag
    raise self.error(
django.template.exceptions.TemplateSyntaxError: Invalid block tag on line 342: 'endblock'. Did you forget to register or load this tag?
ERROR 2025-11-15 20:46:38,594 runserver HTTP GET /changeorder/4/edit/ 500 [0.06, 127.0.0.1:58586]
Performing system checks...

System check identified no issues (0 silenced).
November 15, 2025 - 20:24:07
Django version 4.2.26, using settings 'kibray_backend.settings'
Starting ASGI/Daphne version 4.2.1 development server at http://0.0.0.0:8000/
Quit the server with CONTROL-C.
